app/build/outputs/logs/manifest-merger-debug-report.txt
-- Merging decision tree log ---
manifest
ADDED from src/main/AndroidManifest.xml:2:1-69:12
	package
		ADDED from src/main/AndroidManifest.xml:3:11-37
		INJECTED from src/main/AndroidManifest.xml
		INJECTED from src/main/AndroidManifest.xml
	android:versionName
		ADDED from src/main/AndroidManifest.xml:5:11-36
		INJECTED from src/main/AndroidManifest.xml
		INJECTED from src/main/AndroidManifest.xml
	android:versionCode
		ADDED from src/main/AndroidManifest.xml:4:11-34
		INJECTED from src/main/AndroidManifest.xml
		INJECTED from src/main/AndroidManifest.xml
	xmlns:android
		ADDED from src/main/AndroidManifest.xml:2:11-69
uses-sdk
ADDED from src/main/AndroidManifest.xml:7:5-9:41
	android:targetSdkVersion
		ADDED from src/main/AndroidManifest.xml:9:9-38
		INJECTED from src/main/AndroidManifest.xml
		INJECTED from src/main/AndroidManifest.xml
	android:minSdkVersion
		ADDED from src/main/AndroidManifest.xml:8:9-35
		INJECTED from src/main/AndroidManifest.xml
		INJECTED from src/main/AndroidManifest.xml
application
ADDED from src/main/AndroidManifest.xml:11:5-68:19
	android:label
		ADDED from src/main/AndroidManifest.xml:12:9-41
	android:icon
		ADDED from src/main/AndroidManifest.xml:13:9-45
activity#My.Package.Email.MainActivity
ADDED from src/main/AndroidManifest.xml:14:9-20:20
	android:label
		ADDED from src/main/AndroidManifest.xml:15:19-51
	android:name
		ADDED from src/main/AndroidManifest.xml:14:19-46
intent-filter#android.intent.action.MAIN+android.intent.category.LAUNCHER
ADDED from src/main/AndroidManifest.xml:16:13-19:29
action#android.intent.action.MAIN
ADDED from src/main/AndroidManifest.xml:17:17-69
	android:name
		ADDED from src/main/AndroidManifest.xml:17:25-66
category#android.intent.category.LAUNCHER
ADDED from src/main/AndroidManifest.xml:18:17-77
	android:name
		ADDED from src/main/AndroidManifest.xml:18:27-74
activity#My.Package.Email.Email
ADDED from src/main/AndroidManifest.xml:21:9-29:20
	android:label
		ADDED from src/main/AndroidManifest.xml:23:13-53
	android:parentActivityName
		ADDED from src/main/AndroidManifest.xml:24:13-54
	android:name
		ADDED from src/main/AndroidManifest.xml:22:13-33
meta-data#android.support.PARENT_ACTIVITY
ADDED from src/main/AndroidManifest.xml:25:13-27:65
	android:value
		ADDED from src/main/AndroidManifest.xml:27:17-62
	android:name
		ADDED from src/main/AndroidManifest.xml:26:17-63
activity#My.Package.Email.Inbox
ADDED from src/main/AndroidManifest.xml:30:9-37:20
	android:label
		ADDED from src/main/AndroidManifest.xml:32:13-48
	android:parentActivityName
		ADDED from src/main/AndroidManifest.xml:33:13-54
	android:name
		ADDED from src/main/AndroidManifest.xml:31:13-33
activity#My.Package.Email.Reader
ADDED from src/main/AndroidManifest.xml:38:9-46:20
	android:label
		ADDED from src/main/AndroidManifest.xml:40:13-52
	android:parentActivityName
		ADDED from src/main/AndroidManifest.xml:41:13-47
	android:name
		ADDED from src/main/AndroidManifest.xml:39:13-34
activity#My.Package.Email.Contacts
ADDED from src/main/AndroidManifest.xml:48:9-56:20
	android:label
		ADDED from src/main/AndroidManifest.xml:50:13-51
	android:parentActivityName
		ADDED from src/main/AndroidManifest.xml:51:13-54
	android:name
		ADDED from src/main/AndroidManifest.xml:49:13-36
activity#My.Package.Email.Settinga
ADDED from src/main/AndroidManifest.xml:58:9-66:20
	android:label
		ADDED from src/main/AndroidManifest.xml:60:13-51
	android:parentActivityName
		ADDED from src/main/AndroidManifest.xml:61:13-54
	android:name
		ADDED from src/main/AndroidManifest.xml:59:13-36